TN:
SF:src\app.module.ts
FN:94,(anonymous_1)
FN:41,(anonymous_2)
FN:58,(anonymous_3)
FN:68,(anonymous_4)
FNF:4
FNH:4
FNDA:1,(anonymous_1)
FNDA:1,(anonymous_2)
FNDA:1,(anonymous_3)
FNDA:1,(anonymous_4)
DA:1,1
DA:2,1
DA:3,1
DA:4,1
DA:5,1
DA:8,1
DA:9,1
DA:12,1
DA:13,1
DA:14,1
DA:17,1
DA:18,1
DA:21,1
DA:22,1
DA:23,1
DA:24,1
DA:27,1
DA:28,1
DA:29,1
DA:30,1
DA:41,1
DA:58,1
DA:68,1
DA:92,1
DA:95,1
LF:25
LH:25
BRF:0
BRH:0
end_of_record
TN:
SF:src\main.ts
FN:5,bootstrap
FNF:1
FNH:0
FNDA:0,bootstrap
DA:1,0
DA:2,0
DA:3,0
DA:6,0
DA:9,0
DA:16,0
DA:18,0
DA:19,0
DA:20,0
DA:22,0
LF:10
LH:0
BRDA:18,0,0,0
BRDA:18,0,1,0
BRF:2
BRH:0
end_of_record
TN:
SF:src\application\dtos\login.dto.ts
FNF:0
FNH:0
DA:1,1
DA:3,1
DA:6,1
DA:11,1
LF:4
LH:4
BRF:0
BRH:0
end_of_record
TN:
SF:src\application\dtos\update-estado.dto.ts
FNF:0
FNH:0
DA:1,1
DA:2,1
DA:4,1
DA:9,1
LF:4
LH:4
BRDA:9,0,0,0
BRDA:9,0,1,1
BRDA:9,1,0,1
BRDA:9,1,1,1
BRF:4
BRH:3
end_of_record
TN:
SF:src\application\services\auth.service.ts
FN:11,(anonymous_13)
FN:17,(anonymous_14)
FN:35,(anonymous_15)
FNF:3
FNH:3
FNDA:1,(anonymous_13)
FNDA:2,(anonymous_14)
FNDA:3,(anonymous_15)
DA:1,1
DA:2,1
DA:3,1
DA:4,1
DA:5,1
DA:6,1
DA:10,1
DA:13,1
DA:14,1
DA:18,2
DA:19,2
DA:21,2
DA:22,2
DA:24,2
DA:32,2
DA:36,3
DA:37,3
DA:39,3
DA:40,3
DA:42,2
DA:43,2
LF:21
LH:21
BRDA:19,0,0,0
BRDA:19,0,1,2
BRDA:29,1,0,2
BRDA:29,1,1,0
BRDA:37,2,0,0
BRDA:37,2,1,3
BRDA:40,3,0,1
BRDA:40,3,1,2
BRDA:13,4,0,1
BRDA:13,4,1,0
BRDA:13,5,0,1
BRDA:13,5,1,1
BRDA:13,6,0,1
BRDA:13,6,1,0
BRDA:13,7,0,1
BRDA:13,7,1,1
BRF:16
BRH:11
end_of_record
TN:
SF:src\application\services\pedido.service.ts
FN:9,(anonymous_4)
FN:16,(anonymous_5)
FN:21,(anonymous_6)
FN:32,(anonymous_7)
FN:56,(anonymous_8)
FNF:5
FNH:3
FNDA:1,(anonymous_4)
FNDA:40,(anonymous_5)
FNDA:0,(anonymous_6)
FNDA:3,(anonymous_7)
FNDA:0,(anonymous_8)
DA:1,1
DA:2,1
DA:3,1
DA:4,1
DA:8,1
DA:11,1
DA:13,1
DA:17,40
DA:18,0
DA:22,0
DA:23,0
DA:26,0
DA:27,0
DA:29,0
DA:34,3
DA:35,1
DA:38,2
DA:39,2
DA:41,1
DA:43,1
DA:44,0
DA:47,1
DA:48,1
DA:51,1
DA:57,0
DA:59,0
DA:60,0
DA:64,0
DA:65,0
DA:69,0
DA:70,0
DA:74,0
DA:77,0
DA:78,0
DA:82,0
LF:35
LH:17
BRDA:17,0,0,40
BRDA:17,0,1,0
BRDA:23,1,0,0
BRDA:23,1,1,0
BRDA:26,2,0,0
BRDA:26,2,1,0
BRDA:26,3,0,0
BRDA:26,3,1,0
BRDA:34,4,0,1
BRDA:34,4,1,2
BRDA:39,5,0,1
BRDA:39,5,1,1
BRDA:43,6,0,0
BRDA:43,6,1,1
BRDA:47,7,0,1
BRDA:47,7,1,0
BRDA:59,8,0,0
BRDA:59,8,1,0
BRDA:64,9,0,0
BRDA:64,9,1,0
BRDA:64,10,0,0
BRDA:64,10,1,0
BRDA:69,11,0,0
BRDA:69,11,1,0
BRDA:69,12,0,0
BRDA:69,12,1,0
BRDA:77,13,0,0
BRDA:77,13,1,0
BRF:28
BRH:7
end_of_record
TN:
SF:src\domain\entities\pedido.entity.ts
FN:3,(anonymous_2)
FNF:1
FNH:1
FNDA:1,(anonymous_2)
DA:1,1
DA:3,1
DA:4,1
DA:5,1
DA:6,1
DA:10,1
DA:12,1
DA:15,1
DA:18,1
DA:21,1
DA:24,1
DA:27,1
DA:30,1
DA:33,1
LF:14
LH:14
BRDA:3,0,0,1
BRDA:3,0,1,1
BRDA:33,1,0,1
BRDA:33,1,1,0
BRDA:33,2,0,1
BRDA:33,2,1,1
BRF:6
BRH:5
end_of_record
TN:
SF:src\domain\entities\usuario.entity.ts
FN:3,(anonymous_2)
FNF:1
FNH:1
FNDA:1,(anonymous_2)
DA:1,1
DA:3,1
DA:4,1
DA:5,1
DA:9,1
DA:11,1
DA:14,1
DA:17,1
DA:20,1
DA:23,1
DA:26,1
LF:11
LH:11
BRDA:3,0,0,1
BRDA:3,0,1,1
BRF:2
BRH:2
end_of_record
TN:
SF:src\domain\ports\in\auth-service.port.ts
FNF:0
FNH:0
DA:9,0
LF:1
LH:0
BRF:0
BRH:0
end_of_record
TN:
SF:src\domain\ports\in\pedido-service.port.ts
FNF:0
FNH:0
DA:11,1
LF:1
LH:1
BRF:0
BRH:0
end_of_record
TN:
SF:src\domain\ports\out\email.port.ts
FNF:0
FNH:0
DA:4,1
LF:1
LH:1
BRF:0
BRH:0
end_of_record
TN:
SF:src\domain\ports\out\pedido-repository.port.ts
FNF:0
FNH:0
DA:10,1
LF:1
LH:1
BRF:0
BRH:0
end_of_record
TN:
SF:src\infrastructure\adapters\in\auth.controller.ts
FN:7,(anonymous_4)
FN:10,(anonymous_5)
FN:16,(anonymous_6)
FNF:3
FNH:3
FNDA:1,(anonymous_4)
FNDA:2,(anonymous_5)
FNDA:3,(anonymous_6)
DA:1,1
DA:2,1
DA:3,1
DA:6,1
DA:7,1
DA:10,1
DA:11,2
DA:16,1
DA:17,3
DA:18,2
DA:19,2
LF:11
LH:11
BRDA:18,0,0,0
BRDA:18,0,1,2
BRDA:16,1,0,1
BRDA:16,1,1,0
BRDA:16,2,0,1
BRDA:16,2,1,1
BRDA:7,3,0,1
BRDA:7,3,1,0
BRDA:7,4,0,1
BRDA:7,4,1,1
BRF:10
BRH:7
end_of_record
TN:
SF:src\infrastructure\adapters\in\pedido.controller.ts
FN:9,(anonymous_4)
FN:15,(anonymous_5)
FN:20,(anonymous_6)
FN:25,(anonymous_7)
FNF:4
FNH:3
FNDA:1,(anonymous_4)
FNDA:40,(anonymous_5)
FNDA:3,(anonymous_6)
FNDA:0,(anonymous_7)
DA:1,1
DA:2,1
DA:3,1
DA:4,1
DA:8,1
DA:11,1
DA:15,1
DA:16,40
DA:20,1
DA:21,3
DA:25,1
DA:26,0
LF:12
LH:11
BRDA:20,0,0,1
BRDA:20,0,1,0
BRDA:20,1,0,1
BRDA:20,1,1,1
BRF:4
BRH:3
end_of_record
TN:
SF:src\infrastructure\adapters\out\email\email.adapter.ts
FN:7,(anonymous_2)
FN:9,(anonymous_3)
FNF:2
FNH:2
FNDA:1,(anonymous_2)
FNDA:1,(anonymous_3)
DA:1,1
DA:2,1
DA:6,1
DA:7,1
DA:10,1
LF:5
LH:5
BRDA:7,0,0,1
BRDA:7,0,1,0
BRDA:7,1,0,1
BRDA:7,1,1,1
BRF:4
BRH:3
end_of_record
TN:
SF:src\infrastructure\adapters\out\persistence\pedido.repository.ts
FN:9,(anonymous_4)
FN:14,(anonymous_5)
FN:18,(anonymous_6)
FN:22,(anonymous_7)
FN:26,(anonymous_8)
FN:31,(anonymous_9)
FNF:6
FNH:4
FNDA:1,(anonymous_4)
FNDA:40,(anonymous_5)
FNDA:3,(anonymous_6)
FNDA:0,(anonymous_7)
FNDA:0,(anonymous_8)
FNDA:1,(anonymous_9)
DA:1,1
DA:2,1
DA:3,1
DA:4,1
DA:8,1
DA:11,1
DA:15,40
DA:19,3
DA:23,0
DA:27,0
DA:28,0
DA:32,1
DA:33,1
LF:13
LH:10
BRDA:11,0,0,1
BRDA:11,0,1,0
BRDA:11,1,0,1
BRDA:11,1,1,1
BRF:4
BRH:3
end_of_record
TN:
SF:src\infrastructure\guards\jwt-auth.guard.ts
FNF:0
FNH:0
DA:1,1
DA:2,1
DA:5,1
LF:3
LH:3
BRF:0
BRH:0
end_of_record
TN:
SF:src\infrastructure\guards\roles.guard.ts
FN:6,(anonymous_2)
FN:8,(anonymous_3)
FNF:2
FNH:0
FNDA:0,(anonymous_2)
FNDA:0,(anonymous_3)
DA:1,0
DA:2,0
DA:5,0
DA:6,0
DA:9,0
DA:10,0
DA:12,0
DA:13,0
DA:14,0
DA:16,0
LF:10
LH:0
BRDA:10,0,0,0
BRDA:10,0,1,0
BRDA:13,1,0,0
BRDA:13,1,1,0
BRDA:13,2,0,0
BRDA:13,2,1,0
BRDA:6,3,0,0
BRDA:6,3,1,0
BRDA:6,4,0,0
BRDA:6,4,1,0
BRF:10
BRH:0
end_of_record
TN:
SF:src\infrastructure\middleware\rate-limit.middleware.ts
FN:8,(anonymous_1)
FNF:1
FNH:1
FNDA:70,(anonymous_1)
DA:1,1
DA:4,1
DA:7,1
DA:9,70
DA:10,70
DA:11,70
DA:12,70
DA:14,70
DA:16,70
DA:17,0
DA:18,0
DA:20,70
DA:23,70
DA:25,70
DA:26,20
DA:28,50
LF:16
LH:14
BRDA:9,0,0,70
BRDA:9,0,1,0
BRDA:14,1,0,70
BRDA:14,1,1,1
BRDA:16,2,0,0
BRDA:16,2,1,70
BRDA:25,3,0,20
BRDA:25,3,1,50
BRF:8
BRH:6
end_of_record
TN:
SF:src\infrastructure\middleware\sanitization.middleware.ts
FN:6,(anonymous_1)
FNF:1
FNH:1
FNDA:50,(anonymous_1)
DA:1,1
DA:5,1
DA:7,50
DA:8,10
DA:10,10
DA:24,10
DA:25,35
DA:26,2
DA:27,2
DA:31,48
LF:10
LH:10
BRDA:7,0,0,10
BRDA:7,0,1,40
BRDA:7,1,0,50
BRDA:7,1,1,10
BRDA:25,2,0,2
BRDA:25,2,1,33
BRF:6
BRH:6
end_of_record
TN:
SF:src\infrastructure\security\jwt.service.ts
FN:7,(anonymous_2)
FN:9,(anonymous_3)
FNF:2
FNH:2
FNDA:1,(anonymous_2)
FNDA:2,(anonymous_3)
DA:1,1
DA:2,1
DA:6,1
DA:7,1
DA:10,2
DA:15,2
LF:6
LH:6
BRDA:7,0,0,1
BRDA:7,0,1,0
BRDA:7,1,0,1
BRDA:7,1,1,1
BRF:4
BRH:3
end_of_record
TN:
SF:src\infrastructure\security\jwt.strategy.ts
FN:8,(anonymous_2)
FN:22,(anonymous_3)
FNF:2
FNH:2
FNDA:1,(anonymous_2)
FNDA:43,(anonymous_3)
DA:1,1
DA:2,1
DA:3,1
DA:4,1
DA:7,1
DA:8,1
DA:9,1
DA:11,1
DA:12,0
DA:15,1
DA:24,43
DA:25,0
DA:28,43
LF:13
LH:11
BRDA:11,0,0,0
BRDA:11,0,1,1
BRDA:24,1,0,0
BRDA:24,1,1,43
BRDA:24,2,0,43
BRDA:24,2,1,43
BRDA:8,3,0,1
BRDA:8,3,1,0
BRDA:8,4,0,1
BRDA:8,4,1,1
BRF:10
BRH:7
end_of_record
